Error: Cannot find module 'express'
Require stack:
- /usr/local/semear-paroquial/SEMEARPAROQUIAL/SemearJovens/app.js
    at Module._resolveFilename (node:internal/modules/cjs/loader:1134:15)
    at Module._load (node:internal/modules/cjs/loader:975:27)
    at Module.require (node:internal/modules/cjs/loader:1225:19)
    at require (node:internal/modules/helpers:177:18)
    at Object.<anonymous> (/usr/local/semear-paroquial/SEMEARPAROQUIAL/SemearJovens/app.js:1:17)
    at Module._compile (node:internal/modules/cjs/loader:1356:14)
    at Module._extensions..js (node:internal/modules/cjs/loader:1414:10)
    at Module.load (node:internal/modules/cjs/loader:1197:32)
    at Module._load (node:internal/modules/cjs/loader:1013:12)
    at /usr/local/lib/node_modules/pm2/lib/ProcessContainer.js:291:27
Error: Cannot find module 'express'
Require stack:
- /usr/local/semear-paroquial/SEMEARPAROQUIAL/SemearJovens/app.js
    at Module._resolveFilename (node:internal/modules/cjs/loader:1134:15)
    at Module._load (node:internal/modules/cjs/loader:975:27)
    at Module.require (node:internal/modules/cjs/loader:1225:19)
    at require (node:internal/modules/helpers:177:18)
    at Object.<anonymous> (/usr/local/semear-paroquial/SEMEARPAROQUIAL/SemearJovens/app.js:1:17)
    at Module._compile (node:internal/modules/cjs/loader:1356:14)
    at Module._extensions..js (node:internal/modules/cjs/loader:1414:10)
    at Module.load (node:internal/modules/cjs/loader:1197:32)
    at Module._load (node:internal/modules/cjs/loader:1013:12)
    at /usr/local/lib/node_modules/pm2/lib/ProcessContainer.js:291:27
Error: Cannot find module 'express'
Require stack:
- /usr/local/semear-paroquial/SEMEARPAROQUIAL/SemearJovens/app.js
    at Module._resolveFilename (node:internal/modules/cjs/loader:1134:15)
    at Module._load (node:internal/modules/cjs/loader:975:27)
    at Module.require (node:internal/modules/cjs/loader:1225:19)
    at require (node:internal/modules/helpers:177:18)
    at Object.<anonymous> (/usr/local/semear-paroquial/SEMEARPAROQUIAL/SemearJovens/app.js:1:17)
    at Module._compile (node:internal/modules/cjs/loader:1356:14)
    at Module._extensions..js (node:internal/modules/cjs/loader:1414:10)
    at Module.load (node:internal/modules/cjs/loader:1197:32)
    at Module._load (node:internal/modules/cjs/loader:1013:12)
    at /usr/local/lib/node_modules/pm2/lib/ProcessContainer.js:291:27
Error: Cannot find module 'express'
Require stack:
- /usr/local/semear-paroquial/SEMEARPAROQUIAL/SemearJovens/app.js
    at Module._resolveFilename (node:internal/modules/cjs/loader:1134:15)
    at Module._load (node:internal/modules/cjs/loader:975:27)
    at Module.require (node:internal/modules/cjs/loader:1225:19)
    at require (node:internal/modules/helpers:177:18)
    at Object.<anonymous> (/usr/local/semear-paroquial/SEMEARPAROQUIAL/SemearJovens/app.js:1:17)
    at Module._compile (node:internal/modules/cjs/loader:1356:14)
    at Module._extensions..js (node:internal/modules/cjs/loader:1414:10)
    at Module.load (node:internal/modules/cjs/loader:1197:32)
    at Module._load (node:internal/modules/cjs/loader:1013:12)
    at /usr/local/lib/node_modules/pm2/lib/ProcessContainer.js:291:27
Error: Cannot find module 'express'
Require stack:
- /usr/local/semear-paroquial/SEMEARPAROQUIAL/SemearJovens/app.js
    at Module._resolveFilename (node:internal/modules/cjs/loader:1134:15)
    at Module._load (node:internal/modules/cjs/loader:975:27)
    at Module.require (node:internal/modules/cjs/loader:1225:19)
    at require (node:internal/modules/helpers:177:18)
    at Object.<anonymous> (/usr/local/semear-paroquial/SEMEARPAROQUIAL/SemearJovens/app.js:1:17)
    at Module._compile (node:internal/modules/cjs/loader:1356:14)
    at Module._extensions..js (node:internal/modules/cjs/loader:1414:10)
    at Module.load (node:internal/modules/cjs/loader:1197:32)
    at Module._load (node:internal/modules/cjs/loader:1013:12)
    at /usr/local/lib/node_modules/pm2/lib/ProcessContainer.js:291:27
Error: Cannot find module 'express'
Require stack:
- /usr/local/semear-paroquial/SEMEARPAROQUIAL/SemearJovens/app.js
    at Module._resolveFilename (node:internal/modules/cjs/loader:1134:15)
    at Module._load (node:internal/modules/cjs/loader:975:27)
    at Module.require (node:internal/modules/cjs/loader:1225:19)
    at require (node:internal/modules/helpers:177:18)
    at Object.<anonymous> (/usr/local/semear-paroquial/SEMEARPAROQUIAL/SemearJovens/app.js:1:17)
    at Module._compile (node:internal/modules/cjs/loader:1356:14)
    at Module._extensions..js (node:internal/modules/cjs/loader:1414:10)
    at Module.load (node:internal/modules/cjs/loader:1197:32)
    at Module._load (node:internal/modules/cjs/loader:1013:12)
    at /usr/local/lib/node_modules/pm2/lib/ProcessContainer.js:291:27
Error: Cannot find module 'express'
Require stack:
- /usr/local/semear-paroquial/SEMEARPAROQUIAL/SemearJovens/app.js
    at Module._resolveFilename (node:internal/modules/cjs/loader:1134:15)
    at Module._load (node:internal/modules/cjs/loader:975:27)
    at Module.require (node:internal/modules/cjs/loader:1225:19)
    at require (node:internal/modules/helpers:177:18)
    at Object.<anonymous> (/usr/local/semear-paroquial/SEMEARPAROQUIAL/SemearJovens/app.js:1:17)
    at Module._compile (node:internal/modules/cjs/loader:1356:14)
    at Module._extensions..js (node:internal/modules/cjs/loader:1414:10)
    at Module.load (node:internal/modules/cjs/loader:1197:32)
    at Module._load (node:internal/modules/cjs/loader:1013:12)
    at /usr/local/lib/node_modules/pm2/lib/ProcessContainer.js:291:27
Error: Cannot find module 'express'
Require stack:
- /usr/local/semear-paroquial/SEMEARPAROQUIAL/SemearJovens/app.js
    at Module._resolveFilename (node:internal/modules/cjs/loader:1134:15)
    at Module._load (node:internal/modules/cjs/loader:975:27)
    at Module.require (node:internal/modules/cjs/loader:1225:19)
    at require (node:internal/modules/helpers:177:18)
    at Object.<anonymous> (/usr/local/semear-paroquial/SEMEARPAROQUIAL/SemearJovens/app.js:1:17)
    at Module._compile (node:internal/modules/cjs/loader:1356:14)
    at Module._extensions..js (node:internal/modules/cjs/loader:1414:10)
    at Module.load (node:internal/modules/cjs/loader:1197:32)
    at Module._load (node:internal/modules/cjs/loader:1013:12)
    at /usr/local/lib/node_modules/pm2/lib/ProcessContainer.js:291:27
Error: Cannot find module 'express'
Require stack:
- /usr/local/semear-paroquial/SEMEARPAROQUIAL/SemearJovens/app.js
    at Module._resolveFilename (node:internal/modules/cjs/loader:1134:15)
    at Module._load (node:internal/modules/cjs/loader:975:27)
    at Module.require (node:internal/modules/cjs/loader:1225:19)
    at require (node:internal/modules/helpers:177:18)
    at Object.<anonymous> (/usr/local/semear-paroquial/SEMEARPAROQUIAL/SemearJovens/app.js:1:17)
    at Module._compile (node:internal/modules/cjs/loader:1356:14)
    at Module._extensions..js (node:internal/modules/cjs/loader:1414:10)
    at Module.load (node:internal/modules/cjs/loader:1197:32)
    at Module._load (node:internal/modules/cjs/loader:1013:12)
    at /usr/local/lib/node_modules/pm2/lib/ProcessContainer.js:291:27
Error: Cannot find module 'express'
Require stack:
- /usr/local/semear-paroquial/SEMEARPAROQUIAL/SemearJovens/app.js
    at Module._resolveFilename (node:internal/modules/cjs/loader:1134:15)
    at Module._load (node:internal/modules/cjs/loader:975:27)
    at Module.require (node:internal/modules/cjs/loader:1225:19)
    at require (node:internal/modules/helpers:177:18)
    at Object.<anonymous> (/usr/local/semear-paroquial/SEMEARPAROQUIAL/SemearJovens/app.js:1:17)
    at Module._compile (node:internal/modules/cjs/loader:1356:14)
    at Module._extensions..js (node:internal/modules/cjs/loader:1414:10)
    at Module.load (node:internal/modules/cjs/loader:1197:32)
    at Module._load (node:internal/modules/cjs/loader:1013:12)
    at /usr/local/lib/node_modules/pm2/lib/ProcessContainer.js:291:27
Error: Cannot find module 'express'
Require stack:
- /usr/local/semear-paroquial/SEMEARPAROQUIAL/SemearJovens/app.js
    at Module._resolveFilename (node:internal/modules/cjs/loader:1134:15)
    at Module._load (node:internal/modules/cjs/loader:975:27)
    at Module.require (node:internal/modules/cjs/loader:1225:19)
    at require (node:internal/modules/helpers:177:18)
    at Object.<anonymous> (/usr/local/semear-paroquial/SEMEARPAROQUIAL/SemearJovens/app.js:1:17)
    at Module._compile (node:internal/modules/cjs/loader:1356:14)
    at Module._extensions..js (node:internal/modules/cjs/loader:1414:10)
    at Module.load (node:internal/modules/cjs/loader:1197:32)
    at Module._load (node:internal/modules/cjs/loader:1013:12)
    at /usr/local/lib/node_modules/pm2/lib/ProcessContainer.js:291:27
Error: Cannot find module 'express'
Require stack:
- /usr/local/semear-paroquial/SEMEARPAROQUIAL/SemearJovens/app.js
    at Module._resolveFilename (node:internal/modules/cjs/loader:1134:15)
    at Module._load (node:internal/modules/cjs/loader:975:27)
    at Module.require (node:internal/modules/cjs/loader:1225:19)
    at require (node:internal/modules/helpers:177:18)
    at Object.<anonymous> (/usr/local/semear-paroquial/SEMEARPAROQUIAL/SemearJovens/app.js:1:17)
    at Module._compile (node:internal/modules/cjs/loader:1356:14)
    at Module._extensions..js (node:internal/modules/cjs/loader:1414:10)
    at Module.load (node:internal/modules/cjs/loader:1197:32)
    at Module._load (node:internal/modules/cjs/loader:1013:12)
    at /usr/local/lib/node_modules/pm2/lib/ProcessContainer.js:291:27
Error: Cannot find module 'express'
Require stack:
- /usr/local/semear-paroquial/SEMEARPAROQUIAL/SemearJovens/app.js
    at Module._resolveFilename (node:internal/modules/cjs/loader:1134:15)
    at Module._load (node:internal/modules/cjs/loader:975:27)
    at Module.require (node:internal/modules/cjs/loader:1225:19)
    at require (node:internal/modules/helpers:177:18)
    at Object.<anonymous> (/usr/local/semear-paroquial/SEMEARPAROQUIAL/SemearJovens/app.js:1:17)
    at Module._compile (node:internal/modules/cjs/loader:1356:14)
    at Module._extensions..js (node:internal/modules/cjs/loader:1414:10)
    at Module.load (node:internal/modules/cjs/loader:1197:32)
    at Module._load (node:internal/modules/cjs/loader:1013:12)
    at /usr/local/lib/node_modules/pm2/lib/ProcessContainer.js:291:27
Error: Cannot find module 'express'
Require stack:
- /usr/local/semear-paroquial/SEMEARPAROQUIAL/SemearJovens/app.js
    at Module._resolveFilename (node:internal/modules/cjs/loader:1134:15)
    at Module._load (node:internal/modules/cjs/loader:975:27)
    at Module.require (node:internal/modules/cjs/loader:1225:19)
    at require (node:internal/modules/helpers:177:18)
    at Object.<anonymous> (/usr/local/semear-paroquial/SEMEARPAROQUIAL/SemearJovens/app.js:1:17)
    at Module._compile (node:internal/modules/cjs/loader:1356:14)
    at Module._extensions..js (node:internal/modules/cjs/loader:1414:10)
    at Module.load (node:internal/modules/cjs/loader:1197:32)
    at Module._load (node:internal/modules/cjs/loader:1013:12)
    at /usr/local/lib/node_modules/pm2/lib/ProcessContainer.js:291:27
2026-05-09T12:24:20: ◇ injected env (17) from SemearJovens/.env // tip: ⌘ multiple files { path: ['.env.local', '.env'] }
2026-05-09T12:24:21: 🚀 EJC rodando na porta 3003
2026-05-09T13:18:10: ◇ injected env (20) from SemearJovens/.env // tip: ◈ secrets for agents [www.dotenvx.com]
2026-05-09T13:18:11: 🚀 EJC rodando na porta 3003
2026-05-09T13:20:17: ◇ injected env (17) from SemearJovens/.env // tip: ⌘ suppress logs { quiet: true }
2026-05-09T13:20:18: 🚀 EJC rodando na porta 3003
2026-05-09T13:50:42: ◇ injected env (17) from SemearJovens/.env // tip: ⌘ enable debugging { debug: true }
2026-05-09T13:50:43: 🚀 EJC rodando na porta 3003
2026-05-09T14:21:35: Erro ao limpar usuários expirados: Error: Access denied for user 'infra'@'localhost' (using password: YES)
    at purgeExpiredUsers (/usr/local/semear-paroquial/SEMEARPAROQUIAL/SemearJovens/lib/usuariosExpiracao.js:6:37)
    at requireLoginView (/usr/local/semear-paroquial/SEMEARPAROQUIAL/SemearJovens/app.js:113:15)
    at Layer.handleRequest (/usr/local/semear-paroquial/SEMEARPAROQUIAL/SemearJovens/node_modules/router/lib/layer.js:152:17)
    at next (/usr/local/semear-paroquial/SEMEARPAROQUIAL/SemearJovens/node_modules/router/lib/route.js:157:13)
    at Route.dispatch (/usr/local/semear-paroquial/SEMEARPAROQUIAL/SemearJovens/node_modules/router/lib/route.js:117:3)
    at handle (/usr/local/semear-paroquial/SEMEARPAROQUIAL/SemearJovens/node_modules/router/index.js:435:11)
    at Layer.handleRequest (/usr/local/semear-paroquial/SEMEARPAROQUIAL/SemearJovens/node_modules/router/lib/layer.js:152:17)
    at /usr/local/semear-paroquial/SEMEARPAROQUIAL/SemearJovens/node_modules/router/index.js:295:15
    at processParams (/usr/local/semear-paroquial/SEMEARPAROQUIAL/SemearJovens/node_modules/router/index.js:582:12)
    at next (/usr/local/semear-paroquial/SEMEARPAROQUIAL/SemearJovens/node_modules/router/index.js:291:5)
    at /usr/local/semear-paroquial/SEMEARPAROQUIAL/SemearJovens/app.js:102:35
    at Layer.handleRequest (/usr/local/semear-paroquial/SEMEARPAROQUIAL/SemearJovens/node_modules/router/lib/layer.js:152:17)
    at trimPrefix (/usr/local/semear-paroquial/SEMEARPAROQUIAL/SemearJovens/node_modules/router/index.js:342:13)
    at /usr/local/semear-paroquial/SEMEARPAROQUIAL/SemearJovens/node_modules/router/index.js:297:9
    at processParams (/usr/local/semear-paroquial/SEMEARPAROQUIAL/SemearJovens/node_modules/router/index.js:582:12)
    at next (/usr/local/semear-paroquial/SEMEARPAROQUIAL/SemearJovens/node_modules/router/index.js:291:5) {
  code: 'ER_ACCESS_DENIED_ERROR',
  errno: 1045,
  sqlState: '28000',
  sqlMessage: "Access denied for user 'infra'@'localhost' (using password: YES)",
  sql: undefined
}
2026-05-09T14:21:35: Erro ao validar sessão de view: Error: Access denied for user 'infra'@'localhost' (using password: YES)
    at hasTable (/usr/local/semear-paroquial/SEMEARPAROQUIAL/SemearJovens/lib/tenantSetup.js:49:35)
    at process.processTicksAndRejections (node:internal/process/task_queues:95:5)
    at async /usr/local/semear-paroquial/SEMEARPAROQUIAL/SemearJovens/lib/tenantSetup.js:75:14
    at async ensureTenantStructure (/usr/local/semear-paroquial/SEMEARPAROQUIAL/SemearJovens/lib/tenantSetup.js:232:9)
    at async requireLoginView (/usr/local/semear-paroquial/SEMEARPAROQUIAL/SemearJovens/app.js:114:9) {
  code: 'ER_ACCESS_DENIED_ERROR',
  errno: 1045,
  sqlState: '28000',
  sqlMessage: "Access denied for user 'infra'@'localhost' (using password: YES)",
  sql: undefined
}
2026-05-09T14:21:47: Erro ao limpar usuários expirados: Error: Access denied for user 'infra'@'localhost' (using password: YES)
    at purgeExpiredUsers (/usr/local/semear-paroquial/SEMEARPAROQUIAL/SemearJovens/lib/usuariosExpiracao.js:6:37)
    at requireLoginView (/usr/local/semear-paroquial/SEMEARPAROQUIAL/SemearJovens/app.js:113:15)
    at Layer.handleRequest (/usr/local/semear-paroquial/SEMEARPAROQUIAL/SemearJovens/node_modules/router/lib/layer.js:152:17)
    at next (/usr/local/semear-paroquial/SEMEARPAROQUIAL/SemearJovens/node_modules/router/lib/route.js:157:13)
    at Route.dispatch (/usr/local/semear-paroquial/SEMEARPAROQUIAL/SemearJovens/node_modules/router/lib/route.js:117:3)
    at handle (/usr/local/semear-paroquial/SEMEARPAROQUIAL/SemearJovens/node_modules/router/index.js:435:11)
    at Layer.handleRequest (/usr/local/semear-paroquial/SEMEARPAROQUIAL/SemearJovens/node_modules/router/lib/layer.js:152:17)
    at /usr/local/semear-paroquial/SEMEARPAROQUIAL/SemearJovens/node_modules/router/index.js:295:15
    at processParams (/usr/local/semear-paroquial/SEMEARPAROQUIAL/SemearJovens/node_modules/router/index.js:582:12)
    at next (/usr/local/semear-paroquial/SEMEARPAROQUIAL/SemearJovens/node_modules/router/index.js:291:5)
    at /usr/local/semear-paroquial/SEMEARPAROQUIAL/SemearJovens/app.js:102:35
    at Layer.handleRequest (/usr/local/semear-paroquial/SEMEARPAROQUIAL/SemearJovens/node_modules/router/lib/layer.js:152:17)
    at trimPrefix (/usr/local/semear-paroquial/SEMEARPAROQUIAL/SemearJovens/node_modules/router/index.js:342:13)
    at /usr/local/semear-paroquial/SEMEARPAROQUIAL/SemearJovens/node_modules/router/index.js:297:9
    at processParams (/usr/local/semear-paroquial/SEMEARPAROQUIAL/SemearJovens/node_modules/router/index.js:582:12)
    at next (/usr/local/semear-paroquial/SEMEARPAROQUIAL/SemearJovens/node_modules/router/index.js:291:5) {
  code: 'ER_ACCESS_DENIED_ERROR',
  errno: 1045,
  sqlState: '28000',
  sqlMessage: "Access denied for user 'infra'@'localhost' (using password: YES)",
  sql: undefined
}
2026-05-09T14:21:47: Erro ao validar sessão de view: Error: Access denied for user 'infra'@'localhost' (using password: YES)
    at hasTable (/usr/local/semear-paroquial/SEMEARPAROQUIAL/SemearJovens/lib/tenantSetup.js:49:35)
    at process.processTicksAndRejections (node:internal/process/task_queues:95:5)
    at async /usr/local/semear-paroquial/SEMEARPAROQUIAL/SemearJovens/lib/tenantSetup.js:75:14
    at async ensureTenantStructure (/usr/local/semear-paroquial/SEMEARPAROQUIAL/SemearJovens/lib/tenantSetup.js:232:9)
    at async requireLoginView (/usr/local/semear-paroquial/SEMEARPAROQUIAL/SemearJovens/app.js:114:9) {
  code: 'ER_ACCESS_DENIED_ERROR',
  errno: 1045,
  sqlState: '28000',
  sqlMessage: "Access denied for user 'infra'@'localhost' (using password: YES)",
  sql: undefined
}
2026-05-09T14:24:21: ◇ injected env (17) from SemearJovens/.env // tip: ⌁ auth for agents [www.vestauth.com]
2026-05-09T14:24:21: 🚀 EJC rodando na porta 3003
2026-05-09T14:24:57: ◇ injected env (17) from SemearJovens/.env // tip: ⌘ enable debugging { debug: true }
2026-05-09T14:24:57: 🚀 EJC rodando na porta 3003
